<?xml version="1.0" encoding="utf-8"?>
<TestRun id="c45cd762-4bbf-46ed-83f4-5574f589f4e4" name="chris.gibson@EXG-38715401657 2020-11-07 21:14:25" runUser="EV3\chris.gibson" xmlns="http://microsoft.com/schemas/VisualStudio/TeamTest/2010">
  <Times creation="2020-11-07T21:14:25.6317154+00:00" queuing="2020-11-07T21:14:25.6317175+00:00" start="2020-11-07T21:14:24.1776105+00:00" finish="2020-11-07T21:14:25.6487326+00:00" />
  <TestSettings name="default" id="96e7bf5a-d4b7-4fb6-a532-b224b8a2f496">
    <Deployment runDeploymentRoot="chris.gibson_EXG-38715401657_2020-11-07_21_14_25" />
  </TestSettings>
  <Results>
    <UnitTestResult executionId="c9bf42c0-b20c-4bf7-8352-d2b31ed49648" testId="e6aa1db8-79bb-5f9e-f506-6e6015603603" testName="FetchOnlyRequestedGameRegion(&quot;Pinwheel&quot;)" computerName="EXG-38715401657" duration="00:00:00.0024200" startTime="2020-11-07T21:14:25.0000000+00:00" endTime="2020-11-07T21:14:25.0000000+00:00" testType="13cdc9d9-ddb5-4fa4-a97d-d965ccfc6d4b" outcome="Passed" testListId="8c84fa94-04c1-424b-9868-57a2d4851a1d" relativeResultsDirectory="c9bf42c0-b20c-4bf7-8352-d2b31ed49648" />
    <UnitTestResult executionId="1ebdae3a-8450-4fdf-b01a-186dc0b6d95c" testId="a665ae80-d9ef-3d21-de02-f9894a2373ef" testName="FetchOnlyRequestedGameRegion(&quot;Milky Way&quot;)" computerName="EXG-38715401657" duration="00:00:00.0456159" startTime="2020-11-07T21:14:25.0000000+00:00" endTime="2020-11-07T21:14:25.0000000+00:00" testType="13cdc9d9-ddb5-4fa4-a97d-d965ccfc6d4b" outcome="Passed" testListId="8c84fa94-04c1-424b-9868-57a2d4851a1d" relativeResultsDirectory="1ebdae3a-8450-4fdf-b01a-186dc0b6d95c" />
    <UnitTestResult executionId="30521440-653c-4fa7-8147-0d815616d440" testId="71b55203-9f41-f140-7b8a-b173669f83d5" testName="FetchOnlyRequestedGameRegion(&quot;Messier 82&quot;)" computerName="EXG-38715401657" duration="00:00:00.0023030" startTime="2020-11-07T21:14:25.0000000+00:00" endTime="2020-11-07T21:14:25.0000000+00:00" testType="13cdc9d9-ddb5-4fa4-a97d-d965ccfc6d4b" outcome="Passed" testListId="8c84fa94-04c1-424b-9868-57a2d4851a1d" relativeResultsDirectory="30521440-653c-4fa7-8147-0d815616d440" />
    <UnitTestResult executionId="4ff817c9-c4ec-4bcd-880d-24db33a19bc0" testId="dd69ca11-8574-49f6-142c-a0d7db5e68b0" testName="FetchOnlyRequestedGameRegion(&quot;NGC 1300&quot;)" computerName="EXG-38715401657" duration="00:00:00.0025000" startTime="2020-11-07T21:14:25.0000000+00:00" endTime="2020-11-07T21:14:25.0000000+00:00" testType="13cdc9d9-ddb5-4fa4-a97d-d965ccfc6d4b" outcome="Passed" testListId="8c84fa94-04c1-424b-9868-57a2d4851a1d" relativeResultsDirectory="4ff817c9-c4ec-4bcd-880d-24db33a19bc0" />
    <UnitTestResult executionId="ce3185fd-11dd-482f-b55e-590cf0026aed" testId="8158b57c-2d66-8b32-96cb-f229ab2b8992" testName="FetchOnlyRequestedGameRegion(&quot;Andromeda&quot;)" computerName="EXG-38715401657" duration="00:00:00.0028180" startTime="2020-11-07T21:14:25.0000000+00:00" endTime="2020-11-07T21:14:25.0000000+00:00" testType="13cdc9d9-ddb5-4fa4-a97d-d965ccfc6d4b" outcome="Passed" testListId="8c84fa94-04c1-424b-9868-57a2d4851a1d" relativeResultsDirectory="ce3185fd-11dd-482f-b55e-590cf0026aed" />
  </Results>
  <TestDefinitions>
    <UnitTest name="FetchOnlyRequestedGameRegion(&quot;Milky Way&quot;)" storage="c:\github\mslearn-tailspin-spacegame-web\tailspin.spacegame.web.tests\bin\release\netcoreapp3.1\tailspin.spacegame.web.tests.dll" id="a665ae80-d9ef-3d21-de02-f9894a2373ef">
      <Execution id="1ebdae3a-8450-4fdf-b01a-186dc0b6d95c" />
      <TestMethod codeBase="C:\github\mslearn-tailspin-spacegame-web\Tailspin.SpaceGame.Web.Tests\bin\Release\netcoreapp3.1\Tailspin.SpaceGame.Web.Tests.dll" adapterTypeName="executor://nunit3testexecutor/" className="Tests.DocumentDBRepository_GetItemsAsyncShould" name="FetchOnlyRequestedGameRegion(&quot;Milky Way&quot;)" />
    </UnitTest>
    <UnitTest name="FetchOnlyRequestedGameRegion(&quot;NGC 1300&quot;)" storage="c:\github\mslearn-tailspin-spacegame-web\tailspin.spacegame.web.tests\bin\release\netcoreapp3.1\tailspin.spacegame.web.tests.dll" id="dd69ca11-8574-49f6-142c-a0d7db5e68b0">
      <Execution id="4ff817c9-c4ec-4bcd-880d-24db33a19bc0" />
      <TestMethod codeBase="C:\github\mslearn-tailspin-spacegame-web\Tailspin.SpaceGame.Web.Tests\bin\Release\netcoreapp3.1\Tailspin.SpaceGame.Web.Tests.dll" adapterTypeName="executor://nunit3testexecutor/" className="Tests.DocumentDBRepository_GetItemsAsyncShould" name="FetchOnlyRequestedGameRegion(&quot;NGC 1300&quot;)" />
    </UnitTest>
    <UnitTest name="FetchOnlyRequestedGameRegion(&quot;Messier 82&quot;)" storage="c:\github\mslearn-tailspin-spacegame-web\tailspin.spacegame.web.tests\bin\release\netcoreapp3.1\tailspin.spacegame.web.tests.dll" id="71b55203-9f41-f140-7b8a-b173669f83d5">
      <Execution id="30521440-653c-4fa7-8147-0d815616d440" />
      <TestMethod codeBase="C:\github\mslearn-tailspin-spacegame-web\Tailspin.SpaceGame.Web.Tests\bin\Release\netcoreapp3.1\Tailspin.SpaceGame.Web.Tests.dll" adapterTypeName="executor://nunit3testexecutor/" className="Tests.DocumentDBRepository_GetItemsAsyncShould" name="FetchOnlyRequestedGameRegion(&quot;Messier 82&quot;)" />
    </UnitTest>
    <UnitTest name="FetchOnlyRequestedGameRegion(&quot;Pinwheel&quot;)" storage="c:\github\mslearn-tailspin-spacegame-web\tailspin.spacegame.web.tests\bin\release\netcoreapp3.1\tailspin.spacegame.web.tests.dll" id="e6aa1db8-79bb-5f9e-f506-6e6015603603">
      <Execution id="c9bf42c0-b20c-4bf7-8352-d2b31ed49648" />
      <TestMethod codeBase="C:\github\mslearn-tailspin-spacegame-web\Tailspin.SpaceGame.Web.Tests\bin\Release\netcoreapp3.1\Tailspin.SpaceGame.Web.Tests.dll" adapterTypeName="executor://nunit3testexecutor/" className="Tests.DocumentDBRepository_GetItemsAsyncShould" name="FetchOnlyRequestedGameRegion(&quot;Pinwheel&quot;)" />
    </UnitTest>
    <UnitTest name="FetchOnlyRequestedGameRegion(&quot;Andromeda&quot;)" storage="c:\github\mslearn-tailspin-spacegame-web\tailspin.spacegame.web.tests\bin\release\netcoreapp3.1\tailspin.spacegame.web.tests.dll" id="8158b57c-2d66-8b32-96cb-f229ab2b8992">
      <Execution id="ce3185fd-11dd-482f-b55e-590cf0026aed" />
      <TestMethod codeBase="C:\github\mslearn-tailspin-spacegame-web\Tailspin.SpaceGame.Web.Tests\bin\Release\netcoreapp3.1\Tailspin.SpaceGame.Web.Tests.dll" adapterTypeName="executor://nunit3testexecutor/" className="Tests.DocumentDBRepository_GetItemsAsyncShould" name="FetchOnlyRequestedGameRegion(&quot;Andromeda&quot;)" />
    </UnitTest>
  </TestDefinitions>
  <TestEntries>
    <TestEntry testId="e6aa1db8-79bb-5f9e-f506-6e6015603603" executionId="c9bf42c0-b20c-4bf7-8352-d2b31ed49648" testListId="8c84fa94-04c1-424b-9868-57a2d4851a1d" />
    <TestEntry testId="a665ae80-d9ef-3d21-de02-f9894a2373ef" executionId="1ebdae3a-8450-4fdf-b01a-186dc0b6d95c" testListId="8c84fa94-04c1-424b-9868-57a2d4851a1d" />
    <TestEntry testId="71b55203-9f41-f140-7b8a-b173669f83d5" executionId="30521440-653c-4fa7-8147-0d815616d440" testListId="8c84fa94-04c1-424b-9868-57a2d4851a1d" />
    <TestEntry testId="dd69ca11-8574-49f6-142c-a0d7db5e68b0" executionId="4ff817c9-c4ec-4bcd-880d-24db33a19bc0" testListId="8c84fa94-04c1-424b-9868-57a2d4851a1d" />
    <TestEntry testId="8158b57c-2d66-8b32-96cb-f229ab2b8992" executionId="ce3185fd-11dd-482f-b55e-590cf0026aed" testListId="8c84fa94-04c1-424b-9868-57a2d4851a1d" />
  </TestEntries>
  <TestLists>
    <TestList name="Results Not in a List" id="8c84fa94-04c1-424b-9868-57a2d4851a1d" />
    <TestList name="All Loaded Results" id="19431567-8539-422a-85d7-44ee4e166bda" />
  </TestLists>
  <ResultSummary outcome="Completed">
    <Counters total="5" executed="5" passed="5" failed="0" error="0" timeout="0" aborted="0" inconclusive="0" passedButRunAborted="0" notRunnable="0" notExecuted="0" disconnected="0" warning="0" completed="0" inProgress="0" pending="0" />
    <Output>
      <StdOut>NUnit Adapter 3.10.0.21: Test execution started&#xD;
Running all tests in C:\github\mslearn-tailspin-spacegame-web\Tailspin.SpaceGame.Web.Tests\bin\Release\netcoreapp3.1\Tailspin.SpaceGame.Web.Tests.dll&#xD;
NUnit3TestExecutor converted 5 of 5 NUnit test cases&#xD;
NUnit Adapter 3.10.0.21: Test execution complete&#xD;
</StdOut>
    </Output>
  </ResultSummary>
</TestRun>